

times in msec
 clock   self+sourced   self:  sourced script
 clock   elapsed:              other lines

000.006  000.006: --- NVIM STARTING ---
000.105  000.098: event init
000.175  000.071: early init
000.214  000.039: locale set
000.244  000.030: init first window
000.486  000.242: inits 1
000.502  000.015: window checked
000.505  000.004: parsing arguments
001.099  000.054  000.054: require('vim.shared')
001.217  000.045  000.045: require('vim._options')
001.220  000.116  000.071: require('vim._editor')
001.221  000.224  000.054: require('vim._init_packages')
001.223  000.493: init lua interpreter
001.285  000.062: expanding arguments
001.320  000.035: inits 2
001.628  000.308: init highlight
001.629  000.002: waiting for UI
001.850  000.220: done waiting for UI
001.860  000.010: clear screen
002.028  000.167: init default mappings & autocommands
003.228  000.050  000.050: sourcing /home/shubh-deb/.local/bin/nvim-linux64/share/nvim/runtime/ftplugin.vim
003.359  000.017  000.017: sourcing /home/shubh-deb/.local/bin/nvim-linux64/share/nvim/runtime/indent.vim
004.464  000.166  000.166: require('packer.util')
004.489  000.858  000.693: require('packer')
005.149  000.175  000.175: require('packer.log')
005.152  000.313  000.138: require('packer.async')
005.414  000.096  000.096: require('packer.result')
005.417  000.264  000.168: require('packer.jobs')
005.420  000.910  000.333: require('packer.plugin_utils')
005.601  000.175  000.175: require('packer.snapshot')
005.818  002.316  000.373: require('myNvimConfig.plugin-setup')
006.164  000.156  000.156: require('tokyonight.util')
006.924  000.135  000.135: require('tokyonight.colors')
006.926  000.761  000.626: require('tokyonight.theme')
007.043  000.116  000.116: require('tokyonight.config')
007.045  001.183  000.150: require('tokyonight')
007.919  000.665  000.665: sourcing /home/shubh-deb/.local/share/nvim/site/pack/packer/start/ayu-vim/colors/ayu.vim
007.926  002.085  000.238: require('myNvimConfig.core.colorScheme')
008.028  000.010  000.010: require('vim.keymap')
008.263  000.336  000.326: require('myNvimConfig.core.keymaps')
009.266  000.906  000.906: sourcing /home/shubh-deb/.local/share/nvim/site/pack/packer/start/ayu-vim/colors/ayu.vim
009.347  001.082  000.176: require('myNvimConfig.core.options')
009.349  003.529  000.026: require('myNvimConfig.core')
010.464  000.122  000.122: require('cmp.utils.debug')
010.841  000.179  000.179: require('cmp.utils.char')
010.848  000.380  000.201: require('cmp.utils.str')
011.487  000.215  000.215: require('cmp.utils.misc')
011.601  000.110  000.110: require('cmp.utils.buffer')
011.755  000.151  000.151: require('cmp.utils.api')
011.765  000.771  000.295: require('cmp.utils.keymap')
011.771  000.920  000.150: require('cmp.utils.feedkeys')
012.738  000.125  000.125: require('cmp.types.cmp')
012.964  000.222  000.222: require('cmp.types.lsp')
013.068  000.101  000.101: require('cmp.types.vim')
013.071  000.576  000.127: require('cmp.types')
013.078  000.817  000.241: require('cmp.config.mapping')
013.203  000.123  000.123: require('cmp.utils.cache')
013.647  000.273  000.273: require('cmp.config.compare')
013.651  000.444  000.171: require('cmp.config.default')
013.672  001.629  000.245: require('cmp.config')
013.699  001.927  000.298: require('cmp.utils.async')
013.992  000.115  000.115: require('cmp.utils.pattern')
013.997  000.296  000.181: require('cmp.context')
015.162  000.282  000.282: require('cmp.matcher')
015.171  000.826  000.543: require('cmp.entry')
015.180  001.181  000.355: require('cmp.source')
015.655  000.128  000.128: require('cmp.utils.event')
016.270  000.091  000.091: require('cmp.utils.options')
016.276  000.406  000.315: require('cmp.utils.window')
016.279  000.620  000.214: require('cmp.view.docs_view')
017.219  000.106  000.106: require('cmp.utils.autocmd')
017.238  000.958  000.852: require('cmp.view.custom_entries_view')
017.527  000.288  000.288: require('cmp.view.wildmenu_entries_view')
017.780  000.249  000.249: require('cmp.view.native_entries_view')
017.955  000.172  000.172: require('cmp.view.ghost_text_view')
018.032  002.850  000.436: require('cmp.view')
018.370  008.494  000.817: require('cmp.core')
018.588  000.092  000.092: require('cmp.config.sources')
018.663  000.072  000.072: require('cmp.config.window')
018.872  009.356  000.698: require('cmp')
020.007  000.022  000.022: require('luasnip.util.types')
020.028  000.018  000.018: require('luasnip.util.lazy_table')
020.069  000.040  000.040: require('luasnip.extras.filetype_functions')
020.075  000.183  000.104: require('luasnip.default_config')
020.077  000.218  000.035: require('luasnip.session')
020.080  000.458  000.240: require('luasnip.util.util')
020.438  000.062  000.062: require('luasnip.util.ext_opts')
020.458  000.018  000.018: require('luasnip.nodes.key_indexer')
020.461  000.380  000.300: require('luasnip.nodes.util')
020.606  000.026  000.026: require('luasnip.session.snippet_collection.source')
020.629  000.021  000.021: require('luasnip.util.table')
020.661  000.031  000.031: require('luasnip.util.auto_table')
020.666  000.203  000.124: require('luasnip.session.snippet_collection')
020.893  000.068  000.068: require('luasnip.util.select')
020.914  000.020  000.020: require('luasnip.util.time')
021.051  000.315  000.227: require('luasnip.util._builtin_vars')
021.076  000.023  000.023: require('vim.inspect')
021.095  000.429  000.091: require('luasnip.util.environ')
021.134  000.038  000.038: require('luasnip.util.extend_decorator')
021.317  000.108  000.108: require('luasnip.util.path')
021.510  000.078  000.078: require('luasnip.util.log')
021.513  000.195  000.117: require('luasnip.loaders.util')
021.537  000.003  000.003: require('vim.F')
021.539  000.024  000.021: require('luasnip.loaders.data')
021.756  000.216  000.216: require('luasnip.loaders.fs_watchers')
021.759  000.624  000.080: require('luasnip.loaders')
021.846  000.075  000.075: require('luasnip.config')
021.848  002.974  000.767: require('luasnip')
022.094  000.026  000.026: require('luasnip.session.enqueueable_operations')
022.304  000.208  000.208: require('luasnip.util.jsonc')
023.059  000.022  000.022: require('luasnip.util.events')
023.069  000.224  000.202: require('luasnip.nodes.node')
023.301  000.231  000.231: require('luasnip.nodes.insertNode')
023.362  000.060  000.060: require('luasnip.nodes.textNode')
023.463  000.099  000.099: require('luasnip.util.mark')
023.527  000.062  000.062: require('luasnip.util.pattern_tokenizer')
023.566  000.037  000.037: require('luasnip.util.dict')
024.016  000.385  000.385: require('luasnip.util.jsregexp')
024.019  000.452  000.066: require('luasnip.nodes.util.trig_engines')
024.062  001.685  000.520: require('luasnip.nodes.snippet')
024.066  001.723  000.038: require('luasnip.nodes.duplicate')
024.068  001.763  000.040: require('luasnip.loaders.snippet_cache')
024.075  002.226  000.228: require('luasnip/loaders/from_vscode')
026.466  000.148  000.148: require('luasnip.util.parser.neovim_ast')
026.647  000.178  000.178: require('luasnip.util.str')
027.105  000.447  000.447: require('luasnip.util.jsregexp')
027.235  000.128  000.128: require('luasnip.util.directed_graph')
027.240  001.194  000.293: require('luasnip.util.parser.ast_utils')
027.332  000.091  000.091: require('luasnip.nodes.functionNode')
027.502  000.169  000.169: require('luasnip.nodes.choiceNode')
027.642  000.139  000.139: require('luasnip.nodes.dynamicNode')
027.675  000.032  000.032: require('luasnip.util.functions')
027.679  001.780  000.156: require('luasnip.util.parser.ast_parser')
027.857  000.177  000.177: require('luasnip.util.parser.neovim_parser')
027.861  002.039  000.082: require('luasnip.util.parser')
027.864  002.135  000.095: require('luasnip.nodes.snippetProxy')
027.916  000.051  000.051: require('luasnip.nodes.multiSnippet')
029.183  019.779  003.037: require('myNvimConfig.plugins.cmp')
029.601  000.057  000.057: require('nvim-autopairs._log')
029.738  000.135  000.135: require('nvim-autopairs.utils')
030.128  000.165  000.165: require('nvim-autopairs.conds')
030.131  000.292  000.126: require('nvim-autopairs.rule')
030.133  000.394  000.103: require('nvim-autopairs.rules.basic')
030.150  000.927  000.341: require('nvim-autopairs')
030.383  000.162  000.162: require('nvim-autopairs.fastwrap')
032.402  000.115  000.115: require('vim.treesitter.language')
032.409  000.405  000.291: require('vim.treesitter.query')
032.539  000.128  000.128: require('vim.treesitter._range')
032.544  000.868  000.335: require('vim.treesitter.languagetree')
032.548  001.096  000.227: require('vim.treesitter')
032.963  002.060  000.964: require('nvim-treesitter.parsers')
033.129  000.163  000.163: require('nvim-treesitter.utils')
033.135  002.459  000.236: require('nvim-treesitter.ts_utils')
033.139  002.585  000.126: require('nvim-autopairs.ts-conds')
033.141  002.649  000.064: require('nvim-autopairs.rules.ts_basic')
033.365  000.223  000.223: require('vim.treesitter.highlighter')
033.958  000.114  000.114: require('nvim-autopairs.completion.handlers')
033.963  000.256  000.142: require('nvim-autopairs.completion.cmp')
033.969  004.784  000.566: require('myNvimConfig.plugins.autopairs')
034.211  000.025  000.025: require('bufferline.lazy')
034.390  000.171  000.171: require('bufferline.commands')
034.729  000.336  000.336: require('bufferline.config')
034.732  000.690  000.159: require('bufferline')
034.906  000.166  000.166: require('bufferline.utils')
035.142  000.235  000.235: require('vim.version')
036.669  000.404  000.404: require('bufferline.groups')
036.727  000.042  000.042: require('bufferline.constants')
036.828  000.098  000.098: require('bufferline.colors')
038.341  000.499  000.499: require('bufferline.highlights')
039.738  000.565  000.565: require('bufferline.hover')
040.310  000.462  000.462: require('bufferline.ui')
040.371  006.400  003.240: require('myNvimConfig.plugins.bufferline')
041.135  000.207  000.207: require('ibl.utils')
041.141  000.370  000.163: require('ibl.config')
041.357  000.078  000.078: require('ibl.indent')
041.361  000.218  000.140: require('ibl.hooks')
041.363  000.684  000.096: require('ibl.highlights')
041.424  000.061  000.061: require('ibl.autocmds')
041.502  000.077  000.077: require('ibl.inlay_hints')
041.587  000.084  000.084: require('ibl.virt_text')
041.878  000.222  000.222: require('ibl.scope_languages')
041.880  000.292  000.070: require('ibl.scope')
041.885  001.483  000.286: require('ibl')
043.524  000.168  000.168: require('vim.lsp.log')
044.035  000.509  000.509: require('vim.lsp.protocol')
045.141  000.259  000.259: require('vim.lsp._snippet')
045.263  000.119  000.119: require('vim.highlight')
045.274  001.236  000.857: require('vim.lsp.util')
045.289  002.285  000.371: require('vim.lsp.handlers')
045.621  000.331  000.331: require('vim.lsp.rpc')
045.810  000.187  000.187: require('vim.lsp.sync')
046.120  000.309  000.309: require('vim.lsp.semantic_tokens')
046.462  000.340  000.340: require('vim.lsp.buf')
046.635  000.171  000.171: require('vim.lsp.diagnostic')
046.833  000.197  000.197: require('vim.lsp.codelens')
046.887  004.994  001.174: require('vim.lsp')
046.986  006.613  000.137: require('myNvimConfig.plugins.indentation')
047.405  000.217  000.217: require('lsp-zero.server')
047.783  000.252  000.252: require('lspconfig.util')
048.061  000.093  000.093: require('cmp_nvim_lsp.source')
048.064  000.188  000.095: require('cmp_nvim_lsp')
048.435  000.082  000.082: require('lspconfig.async')
048.438  000.270  000.188: require('lspconfig.configs')
048.439  000.373  000.103: require('lspconfig')
048.519  001.489  000.458: require('lsp-zero')
048.588  000.067  000.067: require('lsp-zero.settings')
048.646  000.057  000.057: require('lsp-zero.preset')
048.703  000.053  000.053: require('lsp-zero.installer')
048.836  000.069  000.069: require('mason-core.path')
049.092  000.116  000.116: require('mason-core.functional')
049.256  000.065  000.065: require('mason-core.functional.data')
049.261  000.161  000.097: require('mason-core.functional.function')
049.332  000.059  000.059: require('mason-core.functional.relation')
049.399  000.062  000.062: require('mason-core.functional.logic')
049.419  000.582  000.183: require('mason-core.platform')
049.518  000.080  000.080: require('mason.settings')
049.520  000.816  000.085: require('mason')
049.855  000.155  000.155: require('mason-core.functional.list')
049.947  000.088  000.088: require('mason-core.functional.string')
049.963  000.433  000.190: require('mason.api.command')
050.094  000.127  000.127: require('mason-registry.sources')
050.385  000.153  000.153: require('mason-core.log')
050.431  000.045  000.045: require('mason-lspconfig.settings')
050.433  000.331  000.132: require('mason-lspconfig')
050.562  000.041  000.041: require('mason-lspconfig.notify')
050.565  000.130  000.089: require('mason-lspconfig.lspconfig_hook')
050.741  000.072  000.072: require('mason-core.functional.table')
050.770  000.205  000.133: require('mason-lspconfig.mappings.server')
050.968  000.066  000.066: require('mason-core.EventEmitter')
051.045  000.076  000.076: require('mason-core.optional')
051.286  000.134  000.134: require('mason-core.async')
051.332  000.044  000.044: require('mason-core.async.uv')
051.337  000.291  000.112: require('mason-core.fs')
051.349  000.578  000.145: require('mason-registry')
051.392  000.042  000.042: require('mason-lspconfig.server_config_extensions')
051.483  000.090  000.090: require('lspconfig.server_configurations.omnisharp')
051.828  000.057  000.057: require('mason-core.functional.number')
051.849  000.227  000.169: require('mason-lspconfig.api.command')
052.781  000.904  000.904: require('vim.diagnostic')
052.893  000.092  000.092: require('lsp-zero.setup')
053.165  000.173  000.173: require('lsp-zero.cmp')
055.261  000.083  000.083: require('mason-lspconfig.ensure_installed')
055.544  000.123  000.123: require('mason-core.result')
055.927  000.200  000.200: require('mason-core.process')
056.141  000.213  000.213: require('mason-core.spawn')
056.145  000.483  000.070: require('mason-core.managers.powershell')
056.196  000.050  000.050: require('mason.version')
056.198  000.653  000.120: require('mason-core.fetch')
056.278  000.078  000.078: require('mason-core.providers')
056.779  000.236  000.236: require('mason-core.purl')
056.792  000.456  000.220: require('mason-core.package')
057.276  000.108  000.108: require('mason-core.installer.registry.expr')
057.286  000.317  000.209: require('mason-core.installer.registry.link')
058.135  000.118  000.118: require('mason-core.receipt')
058.158  000.408  000.290: require('mason-core.installer.context')
058.282  000.122  000.122: require('mason-core.async.control')
058.407  000.124  000.124: require('mason-core.installer.linker')
058.411  000.855  000.201: require('mason-core.installer')
058.428  001.055  000.200: require('mason-core.installer.managers.std')
058.431  001.144  000.089: require('mason-core.installer.registry.schemas')
058.520  000.087  000.087: require('mason-core.installer.registry.util')
058.529  001.736  000.187: require('mason-core.installer.registry')
058.532  002.253  000.062: require('mason-registry.sources.util')
058.542  003.274  000.167: require('mason-registry.sources.github')
062.580  000.095  000.095: require('lspconfig.server_configurations.lua_ls')
063.048  000.196  000.196: require('lspconfig.manager')
063.128  000.073  000.073: require('lspconfig.server_configurations.tsserver')
063.564  000.178  000.178: require('lspconfig.server_configurations.rust_analyzer')
064.113  017.125  007.413: require('myNvimConfig.plugins.lsp')
064.646  000.099  000.099: require('lualine_require')
064.856  000.691  000.591: require('lualine')
064.980  000.065  000.065: require('lualine.themes.ayu_dark')
064.981  000.123  000.058: require('lualine.themes.ayu')
066.898  000.109  000.109: require('lualine.utils.mode')
069.074  004.959  004.036: require('myNvimConfig.plugins.lualine')
069.144  000.043  000.043: require('Comment')
069.178  000.032  000.032: require('Comment.config')
069.507  000.120  000.120: require('Comment.ft')
069.511  000.271  000.151: require('Comment.utils')
069.594  000.081  000.081: require('Comment.opfunc')
069.645  000.050  000.050: require('Comment.extra')
069.648  000.469  000.066: require('Comment.api')
069.751  000.673  000.130: require('myNvimConfig.plugins.comments')
070.595  000.827  000.827: require('mini.animate')
070.703  000.951  000.124: require('myNvimConfig.plugins.mini-animate')
071.074  000.161  000.161: require('null-ls.utils')
071.084  000.268  000.106: require('null-ls.config')
071.194  000.056  000.056: require('null-ls.helpers.cache')
071.325  000.130  000.130: require('null-ls.helpers.diagnostics')
071.379  000.053  000.053: require('null-ls.helpers.formatter_factory')
071.642  000.078  000.078: require('null-ls.logger')
071.724  000.081  000.081: require('null-ls.state')
071.726  000.346  000.187: require('null-ls.helpers.generator_factory')
071.905  000.084  000.084: require('null-ls.helpers.command_resolver')
071.907  000.179  000.096: require('null-ls.helpers.make_builtin')
071.982  000.074  000.074: require('null-ls.helpers.range_formatting_args_factory')
071.983  000.897  000.059: require('null-ls.helpers')
072.372  000.082  000.082: require('null-ls.methods')
072.375  000.214  000.133: require('null-ls.diagnostics')
072.379  000.395  000.181: require('null-ls.sources')
072.444  000.063  000.063: require('null-ls.builtins')
072.446  001.711  000.087: require('null-ls')
072.593  000.146  000.146: require('null-ls.builtins.formatting.prettier')
072.673  000.070  000.070: require('null-ls.builtins.formatting.black')
072.743  000.063  000.063: require('null-ls.builtins.formatting.stylua')
073.076  000.158  000.158: require('null-ls.client')
073.094  002.389  000.241: require('myNvimConfig.plugins.null-ls')
074.016  000.091  000.091: require('nvim-tree.notify')
074.021  000.190  000.099: require('nvim-tree.events')
074.356  000.095  000.095: require('nvim-tree.log')
074.689  000.080  000.080: require('nvim-tree.iterators.node-iterator')
074.708  000.351  000.271: require('nvim-tree.utils')
074.856  000.147  000.147: require('nvim-tree.git.utils')
075.063  000.205  000.205: require('nvim-tree.git.runner')
075.276  000.211  000.211: require('nvim-tree.watcher')
075.459  000.180  000.180: require('nvim-tree.explorer.node')
075.465  001.364  000.176: require('nvim-tree.git')
075.608  000.141  000.141: require('nvim-tree.explorer.watch')
075.896  000.139  000.139: require('nvim-tree.explorer.node-builders')
076.142  000.243  000.243: require('nvim-tree.explorer.sorters')
076.464  000.123  000.123: require('nvim-tree.marks')
076.468  000.324  000.200: require('nvim-tree.explorer.filters')
077.138  000.447  000.447: require('nvim-tree.view')
077.144  000.674  000.227: require('nvim-tree.live-filter')
077.147  001.537  000.158: require('nvim-tree.explorer.explore')
077.385  000.236  000.236: require('nvim-tree.explorer.reload')
077.389  003.368  000.088: require('nvim-tree.explorer')
077.393  003.667  000.110: require('nvim-tree.core')
077.574  000.179  000.179: require('nvim-tree.renderer.components.padding')
077.740  000.163  000.163: require('nvim-tree.renderer.components.icons')
077.925  000.183  000.183: require('nvim-tree.renderer.components.full-name')
078.539  000.108  000.108: require('nvim-tree.enum')
078.698  000.157  000.157: require('nvim-tree.renderer.decorator')
078.703  000.408  000.143: require('nvim-tree.renderer.decorator.bookmarks')
078.825  000.121  000.121: require('nvim-tree.renderer.decorator.copied')
078.939  000.111  000.111: require('nvim-tree.renderer.decorator.cut')
079.321  000.221  000.221: require('nvim-tree.diagnostics')
079.327  000.387  000.166: require('nvim-tree.renderer.decorator.diagnostics')
079.566  000.237  000.237: require('nvim-tree.renderer.decorator.git')
079.832  000.130  000.130: require('nvim-tree.buffers')
079.835  000.267  000.137: require('nvim-tree.renderer.decorator.modified')
079.956  000.119  000.119: require('nvim-tree.renderer.decorator.opened')
079.963  002.036  000.386: require('nvim-tree.renderer.builder')
079.972  006.338  000.110: require('nvim-tree.renderer')
079.979  006.500  000.162: require('nvim-tree.lib')
080.176  000.195  000.195: require('nvim-tree.appearance')
080.994  000.163  000.163: require('nvim-tree.actions.finders.find-file')
081.177  000.157  000.157: require('nvim-tree.actions.finders.search-node')
081.179  000.448  000.129: require('nvim-tree.actions.finders')
081.730  000.144  000.144: require('nvim-tree.actions.reloaders')
081.738  000.452  000.308: require('nvim-tree.actions.fs.copy-paste')
081.954  000.214  000.214: require('nvim-tree.actions.fs.create-file')
082.160  000.203  000.203: require('nvim-tree.actions.fs.remove-file')
082.315  000.153  000.153: require('nvim-tree.actions.fs.rename-file')
082.501  000.184  000.184: require('nvim-tree.actions.fs.trash')
082.504  001.322  000.116: require('nvim-tree.actions.fs')
082.797  000.187  000.187: require('nvim-tree.actions.moves.item')
082.909  000.109  000.109: require('nvim-tree.actions.moves.parent')
083.027  000.115  000.115: require('nvim-tree.actions.moves.sibling')
083.029  000.523  000.112: require('nvim-tree.actions.moves')
083.288  000.152  000.152: require('nvim-tree.actions.node.file-popup')
083.623  000.333  000.333: require('nvim-tree.actions.node.open-file')
083.741  000.116  000.116: require('nvim-tree.actions.node.run-command')
083.895  000.152  000.152: require('nvim-tree.actions.node.system-open')
083.898  000.866  000.114: require('nvim-tree.actions.node')
084.164  000.160  000.160: require('nvim-tree.actions.root.change-dir')
084.269  000.103  000.103: require('nvim-tree.actions.root.dir-up')
084.271  000.372  000.109: require('nvim-tree.actions.root')
084.507  000.129  000.129: require('nvim-tree.actions.tree.find-file')
084.738  000.129  000.129: require('nvim-tree.actions.tree.modifiers.collapse-all')
084.885  000.145  000.145: require('nvim-tree.actions.tree.modifiers.expand-all')
085.011  000.124  000.124: require('nvim-tree.actions.tree.modifiers.toggles')
085.014  000.505  000.106: require('nvim-tree.actions.tree.modifiers')
085.149  000.133  000.133: require('nvim-tree.actions.tree.open')
085.285  000.134  000.134: require('nvim-tree.actions.tree.toggle')
085.287  001.014  000.113: require('nvim-tree.actions.tree')
085.289  004.673  000.127: require('nvim-tree.actions')
085.749  000.208  000.208: require('nvim-tree.keymap')
085.754  000.463  000.255: require('nvim-tree.help')
085.914  000.157  000.157: require('nvim-tree.marks.navigation')
086.036  000.120  000.120: require('nvim-tree.marks.bulk-delete')
086.149  000.111  000.111: require('nvim-tree.marks.bulk-trash')
086.243  000.092  000.092: require('nvim-tree.marks.bulk-move')
086.292  005.946  000.330: require('nvim-tree.api')
086.300  006.122  000.176: require('nvim-tree.commands')
086.455  000.153  000.153: require('nvim-tree.legacy')
086.499  013.385  000.415: require('nvim-tree')
088.436  000.880  000.880: require('nvim-web-devicons.icons-default')
088.530  001.454  000.574: require('nvim-web-devicons')
090.360  017.265  002.426: require('myNvimConfig.plugins.nvim-tree')
090.547  000.036  000.036: require('smoothcursor.matrix_chars')
090.550  000.077  000.041: require('smoothcursor.config')
090.551  000.148  000.071: require('smoothcursor')
090.806  000.046  000.046: require('smoothcursor.debug')
090.842  000.034  000.034: require('smoothcursor.callbacks.timer')
090.895  000.052  000.052: require('smoothcursor.callbacks.buffer')
090.898  000.292  000.161: require('smoothcursor.callbacks')
090.953  000.053  000.053: require('smoothcursor.callbacks.default')
091.123  000.055  000.055: require('smoothcursor.init')
091.158  000.034  000.034: require('smoothcursor.last_positions')
091.161  000.207  000.118: require('smoothcursor.utils')
091.207  000.844  000.144: require('myNvimConfig.plugins.smooth-cursor')
091.577  000.092  000.092: require('todo-comments.util')
091.582  000.272  000.180: require('todo-comments.config')
091.905  000.232  000.232: require('todo-comments.highlight')
091.907  000.324  000.093: require('todo-comments.jump')
091.908  000.686  000.090: require('todo-comments')
091.921  000.712  000.026: require('myNvimConfig.plugins.todo-comments')
093.061  000.078  000.078: require('nvim-treesitter.compat')
093.184  000.121  000.121: require('nvim-treesitter.tsrange')
093.261  000.076  000.076: require('nvim-treesitter.caching')
093.286  001.071  000.797: require('nvim-treesitter.query')
093.295  001.356  000.285: require('nvim-treesitter.configs')
093.818  000.142  000.142: require('nvim-treesitter.info')
093.995  000.175  000.175: require('nvim-treesitter.shell_command_selectors')
094.012  000.709  000.393: require('nvim-treesitter.install')
094.772  002.851  000.786: require('myNvimConfig.plugins.tree-sitter')
094.938  000.055  000.055: require('noice.util.lazy')
094.942  000.138  000.083: require('noice')
095.191  000.109  000.109: require('vim.health')
095.349  000.146  000.146: require('noice.config')
095.656  000.105  000.105: require('noice.util.call')
095.660  000.309  000.204: require('noice.util')
095.662  000.718  000.153: require('noice.health')
095.676  000.902  000.046: require('myNvimConfig.plugins.noice')
095.677  086.325  000.080: require('myNvimConfig.plugins')
095.680  092.267  000.097: sourcing /home/shubh-deb/.config/nvim/init.lua
095.684  001.323: sourcing vimrc file(s)
096.203  000.359  000.359: sourcing /home/shubh-deb/.local/bin/nvim-linux64/share/nvim/runtime/filetype.lua
096.412  000.057  000.057: sourcing /home/shubh-deb/.local/bin/nvim-linux64/share/nvim/runtime/syntax/synload.vim
096.497  000.242  000.185: sourcing /home/shubh-deb/.local/bin/nvim-linux64/share/nvim/runtime/syntax/syntax.vim
097.267  000.102  000.102: sourcing /home/shubh-deb/.local/bin/nvim-linux64/share/nvim/runtime/plugin/gzip.vim
097.279  000.004  000.004: sourcing /home/shubh-deb/.local/bin/nvim-linux64/share/nvim/runtime/plugin/health.vim
097.565  000.116  000.116: sourcing /home/shubh-deb/.local/bin/nvim-linux64/share/nvim/runtime/pack/dist/opt/matchit/plugin/matchit.vim
097.623  000.338  000.222: sourcing /home/shubh-deb/.local/bin/nvim-linux64/share/nvim/runtime/plugin/matchit.vim
097.709  000.079  000.079: sourcing /home/shubh-deb/.local/bin/nvim-linux64/share/nvim/runtime/plugin/matchparen.vim
097.725  000.009  000.009: sourcing /home/shubh-deb/.local/bin/nvim-linux64/share/nvim/runtime/plugin/netrwPlugin.vim
097.811  000.004  000.004: sourcing /home/shubh-deb/.local/share/nvim/rplugin.vim
097.814  000.083  000.079: sourcing /home/shubh-deb/.local/bin/nvim-linux64/share/nvim/runtime/plugin/rplugin.vim
097.866  000.045  000.045: sourcing /home/shubh-deb/.local/bin/nvim-linux64/share/nvim/runtime/plugin/shada.vim
097.885  000.011  000.011: sourcing /home/shubh-deb/.local/bin/nvim-linux64/share/nvim/runtime/plugin/spellfile.vim
097.958  000.065  000.065: sourcing /home/shubh-deb/.local/bin/nvim-linux64/share/nvim/runtime/plugin/tarPlugin.vim
098.016  000.045  000.045: sourcing /home/shubh-deb/.local/bin/nvim-linux64/share/nvim/runtime/plugin/tohtml.vim
098.033  000.008  000.008: sourcing /home/shubh-deb/.local/bin/nvim-linux64/share/nvim/runtime/plugin/tutor.vim
098.120  000.080  000.080: sourcing /home/shubh-deb/.local/bin/nvim-linux64/share/nvim/runtime/plugin/zipPlugin.vim
098.545  000.366  000.366: sourcing /home/shubh-deb/.config/nvim/plugin/packer_compiled.lua
098.708  000.024  000.024: sourcing /home/shubh-deb/.local/bin/nvim-linux64/share/nvim/runtime/plugin/editorconfig.lua
098.752  000.035  000.035: sourcing /home/shubh-deb/.local/bin/nvim-linux64/share/nvim/runtime/plugin/man.lua
098.784  000.024  000.024: sourcing /home/shubh-deb/.local/bin/nvim-linux64/share/nvim/runtime/plugin/nvim.lua
098.793  001.189: loading rtp plugins
099.239  000.170  000.170: sourcing /home/shubh-deb/.local/share/nvim/site/pack/packer/start/Comment.nvim/plugin/Comment.lua
099.301  000.016  000.016: sourcing /home/shubh-deb/.local/share/nvim/site/pack/packer/start/LuaSnip/plugin/luasnip.vim
100.220  000.834  000.834: require('vim.filetype')
100.360  001.026  000.192: sourcing /home/shubh-deb/.local/share/nvim/site/pack/packer/start/LuaSnip/plugin/luasnip.lua
100.486  000.059  000.059: sourcing /home/shubh-deb/.local/share/nvim/site/pack/packer/start/SmoothCursor.nvim/plugin/smoothcursor.lua
100.696  000.019  000.019: sourcing /home/shubh-deb/.local/share/nvim/site/pack/packer/start/lsp-zero.nvim/plugin/lsp-zero.lua
101.977  001.080  001.080: require('cmp.utils.highlight')
102.207  001.367  000.287: sourcing /home/shubh-deb/.local/share/nvim/site/pack/packer/start/nvim-cmp/plugin/cmp.lua
102.464  000.196  000.196: sourcing /home/shubh-deb/.local/share/nvim/site/pack/packer/start/nvim-lspconfig/plugin/lspconfig.lua
102.739  000.089  000.089: require('nvim-treesitter.statusline')
102.897  000.157  000.157: require('nvim-treesitter.query_predicates')
102.899  000.336  000.090: require('nvim-treesitter')
103.128  000.589  000.253: sourcing /home/shubh-deb/.local/share/nvim/site/pack/packer/start/nvim-treesitter/plugin/nvim-treesitter.lua
103.199  000.030  000.030: sourcing /home/shubh-deb/.local/share/nvim/site/pack/packer/start/nvim-web-devicons/plugin/nvim-web-devicons.vim
103.406  000.104  000.104: require('nvim-treesitter-playground')
103.527  000.254  000.150: sourcing /home/shubh-deb/.local/share/nvim/site/pack/packer/start/playground/plugin/nvim-treesitter-playground.lua
103.586  000.019  000.019: sourcing /home/shubh-deb/.local/share/nvim/site/pack/packer/start/plenary.nvim/plugin/plenary.vim
103.874  000.217  000.217: sourcing /home/shubh-deb/.local/share/nvim/site/pack/packer/start/telescope.nvim/plugin/telescope.lua
103.927  000.015  000.015: sourcing /home/shubh-deb/.local/share/nvim/site/pack/packer/start/todo-comments.nvim/plugin/todo.vim
104.031  000.040  000.040: sourcing /home/shubh-deb/.local/share/nvim/site/pack/packer/start/vim-bbye/plugin/bbye.vim
104.100  000.021  000.021: sourcing /home/shubh-deb/.local/share/nvim/site/pack/packer/start/vim-be-good/plugin/vim-be-good.vim
104.183  000.038  000.038: sourcing /home/shubh-deb/.local/share/nvim/site/pack/packer/start/vim-tmux-navigator/plugin/tmux_navigator.vim
104.722  000.138  000.138: sourcing /home/shubh-deb/.local/share/nvim/site/pack/packer/start/vim-vsnip/autoload/vital/vsnip.vim
104.915  000.043  000.043: sourcing /home/shubh-deb/.local/share/nvim/site/pack/packer/start/vim-vsnip/autoload/vital/_vsnip/VS/LSP/Position.vim
105.015  000.009  000.009: sourcing /home/shubh-deb/.local/share/nvim/site/pack/packer/start/vim-vsnip/autoload/vital/_vsnip.vim
105.173  000.675  000.485: sourcing /home/shubh-deb/.local/share/nvim/site/pack/packer/start/vim-vsnip/autoload/vsnip/snippet.vim
105.374  000.064  000.064: sourcing /home/shubh-deb/.local/share/nvim/site/pack/packer/start/vim-vsnip/autoload/vital/_vsnip/VS/LSP/TextEdit.vim
105.564  000.029  000.029: sourcing /home/shubh-deb/.local/share/nvim/site/pack/packer/start/vim-vsnip/autoload/vital/_vsnip/VS/LSP/Text.vim
105.818  000.083  000.083: sourcing /home/shubh-deb/.local/share/nvim/site/pack/packer/start/vim-vsnip/autoload/vital/_vsnip/VS/Vim/Buffer.vim
106.020  000.027  000.027: sourcing /home/shubh-deb/.local/share/nvim/site/pack/packer/start/vim-vsnip/autoload/vital/_vsnip/VS/Vim/Option.vim
106.276  000.071  000.071: sourcing /home/shubh-deb/.local/share/nvim/site/pack/packer/start/vim-vsnip/autoload/vital/_vsnip/VS/LSP/Diff.vim
106.370  001.959  001.010: sourcing /home/shubh-deb/.local/share/nvim/site/pack/packer/start/vim-vsnip/autoload/vsnip/session.vim
106.469  002.145  000.186: sourcing /home/shubh-deb/.local/share/nvim/site/pack/packer/start/vim-vsnip/autoload/vsnip.vim
106.620  002.393  000.248: sourcing /home/shubh-deb/.local/share/nvim/site/pack/packer/start/vim-vsnip/plugin/vsnip.vim
106.739  001.477: loading packages
107.246  000.044  000.044: require('cmp_buffer.timer')
107.250  000.224  000.181: require('cmp_buffer.buffer')
107.253  000.335  000.110: require('cmp_buffer.source')
107.255  000.366  000.031: require('cmp_buffer')
107.275  000.398  000.032: sourcing /home/shubh-deb/.local/share/nvim/site/pack/packer/start/cmp-buffer/after/plugin/cmp_buffer.lua
107.488  000.168  000.168: require('cmp_cmdline')
107.503  000.195  000.026: sourcing /home/shubh-deb/.local/share/nvim/site/pack/packer/start/cmp-cmdline/after/plugin/cmp_cmdline.lua
107.552  000.016  000.016: sourcing /home/shubh-deb/.local/share/nvim/site/pack/packer/start/cmp-nvim-lsp/after/plugin/cmp_nvim_lsp.lua
107.864  000.265  000.265: require('cmp_path')
107.925  000.337  000.072: sourcing /home/shubh-deb/.local/share/nvim/site/pack/packer/start/cmp-path/after/plugin/cmp_path.lua
108.284  000.254  000.254: require('cmp_luasnip')
108.333  000.337  000.083: sourcing /home/shubh-deb/.local/share/nvim/site/pack/packer/start/cmp_luasnip/after/plugin/cmp_luasnip.lua
108.501  000.099  000.099: sourcing /home/shubh-deb/.local/share/nvim/site/pack/packer/start/indent-blankline.nvim/after/plugin/commands.lua
108.521  000.401: loading after plugins
108.537  000.016: inits 3
110.486  001.949: reading ShaDa
111.207  000.300  000.300: require('luasnip.loaders.from_lua')
111.480  000.267  000.267: require('luasnip.loaders.from_snipmate')
111.814  000.331  000.331: require('luasnip.loaders.from_vscode')
111.846  000.462: opening buffers
111.975  000.073  000.073: require('bufferline.state')
112.087  000.168: BufEnter autocommands
112.090  000.003: editing files in windows
112.247  000.128  000.128: require('mason-core.terminator')
130.974  000.193  000.193: require('mason-core.functional.type')


times in msec
 clock   self+sourced   self:  sourced script
 clock   elapsed:              other lines

000.008  000.008: --- NVIM STARTING ---
000.184  000.176: event init
000.282  000.097: early init
000.329  000.047: locale set
000.421  000.092: init first window
000.754  000.334: inits 1
000.763  000.008: window checked
000.766  000.004: parsing arguments
001.343  000.070  000.070: require('vim.shared')
001.487  000.056  000.056: require('vim._options')
001.489  000.141  000.085: require('vim._editor')
001.491  000.272  000.061: require('vim._init_packages')
001.493  000.454: init lua interpreter
002.216  000.722: expanding arguments
002.266  000.050: inits 2
002.643  000.377: init highlight
